<?xml version="1.0" encoding="UTF-8"?>
<!-- Generated by org.testng.reporters.JUnitReportReporter -->
<testsuite hostname="Praveens-MacBook-Pro.local" failures="0" tests="1" name="mavenforjenkins.UITest" time="12.319" errors="0" timestamp="2023-10-07T22:20:54 IST" skipped="0">
  <testcase classname="mavenforjenkins.UITest" name="startBrowser" time="12.319"/>
</testsuite> <!-- mavenforjenkins.UITest -->
